<?xml version="1.0" encoding="UTF-8"?>
<!-- Generated by org.testng.reporters.JUnitReportReporter -->
<testsuite hostname="Himanshu-Workspace" failures="0" tests="7" name="com.greenkart.tests.HomePageTests" time="1.376" errors="0" timestamp="2023-07-03T07:49:34 IST" skipped="0">
  <testcase classname="com.greenkart.tests.HomePageTests" name="validatingURL" time="0.070"/>
  <system-out/>
  <testcase classname="com.greenkart.tests.HomePageTests" name="validatingTitle" time="0.010"/>
  <system-out/>
  <testcase classname="com.greenkart.tests.HomePageTests" name="validateItemsOnHomePage" time="0.426"/>
  <system-out/>
  <testcase classname="com.greenkart.tests.HomePageTests" name="validatingSearchFunctionality" time="0.351"/>
  <system-out/>
  <testcase classname="com.greenkart.tests.HomePageTests" name="validatingTopDealsLink" time="0.164"/>
  <system-out/>
  <testcase classname="com.greenkart.tests.HomePageTests" name="validatingFlightBookingLink" time="0.187"/>
  <system-out/>
  <testcase classname="com.greenkart.tests.HomePageTests" name="validatingCart" time="0.168"/>
  <system-out/>
</testsuite> <!-- com.greenkart.tests.HomePageTests -->
