<?xml version="1.0" encoding="UTF-8"?>
<!-- Generated by org.testng.reporters.JUnitReportReporter -->
<testsuite hostname="Himanshu-Workspace" failures="0" tests="5" name="com.greenkart.tests.HomePageTests" time="1.021" errors="0" timestamp="2023-07-01T21:05:15 IST" skipped="0">
  <testcase classname="com.greenkart.tests.HomePageTests" name="validatingTitle" time="0.057"/>
  <system-out/>
  <testcase classname="com.greenkart.tests.HomePageTests" name="validateItemsOnHomePage" time="0.374"/>
  <system-out/>
  <testcase classname="com.greenkart.tests.HomePageTests" name="validatingSearchFunctionality" time="0.213"/>
  <system-out/>
  <testcase classname="com.greenkart.tests.HomePageTests" name="validatingAddToCartFunctionality" time="0.162"/>
  <system-out/>
  <testcase classname="com.greenkart.tests.HomePageTests" name="validatingCart" time="0.215"/>
  <system-out/>
</testsuite> <!-- com.greenkart.tests.HomePageTests -->
