<?xml version="1.0" encoding="UTF-8"?>
<!-- Generated by org.testng.reporters.JUnitReportReporter -->
<testsuite hostname="Himanshu-Workspace" failures="0" tests="4" name="com.greenkart.tests.TopDealsPageTests" time="0.169" errors="0" timestamp="2023-07-03T07:49:34 IST" skipped="0">
  <testcase classname="com.greenkart.tests.TopDealsPageTests" name="switchingToTopDealsPage" time="0.015"/>
  <system-out/>
  <testcase classname="com.greenkart.tests.TopDealsPageTests" name="validatingURL" time="0.012"/>
  <system-out/>
  <testcase classname="com.greenkart.tests.TopDealsPageTests" name="validatingTopDealsPageTitle" time="0.011"/>
  <system-out/>
  <testcase classname="com.greenkart.tests.TopDealsPageTests" name="validatingTopDealsDropdown" time="0.131"/>
  <system-out/>
</testsuite> <!-- com.greenkart.tests.TopDealsPageTests -->
