<?xml version="1.0" encoding="UTF-8"?>
<!-- Generated by org.testng.reporters.JUnitReportReporter -->
<testsuite hostname="Himanshu-Workspace" failures="0" tests="3" name="com.greenkart.tests.AddToCartFlow" time="0.748" errors="0" timestamp="2023-07-01T20:30:28 IST" skipped="0">
  <testcase classname="com.greenkart.tests.AddToCartFlow" name="validatingTitle" time="0.052"/>
  <system-out/>
  <testcase classname="com.greenkart.tests.AddToCartFlow" name="validateItemsOnHomePage" time="0.396"/>
  <system-out/>
  <testcase classname="com.greenkart.tests.AddToCartFlow" name="validatingSearchFunctionality" time="0.300"/>
  <system-out/>
</testsuite> <!-- com.greenkart.tests.AddToCartFlow -->
